2015-09-10 21:19:36,341 - Loaded default TestExecutionListener class names from location [META-INF/spring.factories]: [org.springframework.test.context.web.ServletTestExecutionListener, org.springframework.test.context.support.DirtiesContextBeforeModesTestExecutionListener, org.springframework.test.context.support.DependencyInjectionTestExecutionListener, org.springframework.test.context.support.DirtiesContextTestExecutionListener, org.springframework.test.context.transaction.TransactionalTestExecutionListener, org.springframework.test.context.jdbc.SqlScriptsTestExecutionListener]
 2015-09-10 21:19:36,372 - Using TestExecutionListeners: [org.springframework.test.context.web.ServletTestExecutionListener@329f14c3, org.springframework.test.context.support.DirtiesContextBeforeModesTestExecutionListener@6a0c282b, org.springframework.test.context.support.DependencyInjectionTestExecutionListener@44215571, org.springframework.test.context.support.DirtiesContextTestExecutionListener@687090a8, org.springframework.test.context.transaction.TransactionalTestExecutionListener@36293b29, org.springframework.test.context.jdbc.SqlScriptsTestExecutionListener@4ceb1c86]
 2015-09-10 21:19:36,559 - Loading XML bean definitions from class path resource [spring.xml]
 2015-09-10 21:19:36,949 - Loading XML bean definitions from class path resource [spring-redis.xml]
 2015-09-10 21:19:37,031 - Refreshing org.springframework.context.support.GenericApplicationContext@21984b4a: startup date [Thu Sep 10 21:19:37 GMT+08:00 2015]; root of context hierarchy
 2015-09-10 21:19:37,218 - Loading properties file from class path resource [broker.properties]
 2015-09-10 21:19:37,655 - 调用-->com.fion.p2p.worker.test.TestWorker.delById
 2015-09-10 21:19:38,264 - worker返回-->{"success":"成功"}
 2015-09-10 21:19:38,312 - ret={success=成功}
 2015-09-10 21:19:38,312 - Closing org.springframework.context.support.GenericApplicationContext@21984b4a: startup date [Thu Sep 10 21:19:37 GMT+08:00 2015]; root of context hierarchy
 2015-09-10 21:20:04,630 - Loaded default TestExecutionListener class names from location [META-INF/spring.factories]: [org.springframework.test.context.web.ServletTestExecutionListener, org.springframework.test.context.support.DirtiesContextBeforeModesTestExecutionListener, org.springframework.test.context.support.DependencyInjectionTestExecutionListener, org.springframework.test.context.support.DirtiesContextTestExecutionListener, org.springframework.test.context.transaction.TransactionalTestExecutionListener, org.springframework.test.context.jdbc.SqlScriptsTestExecutionListener]
 2015-09-10 21:20:04,661 - Using TestExecutionListeners: [org.springframework.test.context.web.ServletTestExecutionListener@331ae2ce, org.springframework.test.context.support.DirtiesContextBeforeModesTestExecutionListener@2a205c98, org.springframework.test.context.support.DependencyInjectionTestExecutionListener@329f14c3, org.springframework.test.context.support.DirtiesContextTestExecutionListener@6a0c282b, org.springframework.test.context.transaction.TransactionalTestExecutionListener@44215571, org.springframework.test.context.jdbc.SqlScriptsTestExecutionListener@687090a8]
 2015-09-10 21:20:04,833 - Loading XML bean definitions from class path resource [spring.xml]
 2015-09-10 21:20:05,160 - Loading XML bean definitions from class path resource [spring-redis.xml]
 2015-09-10 21:20:05,276 - Refreshing org.springframework.context.support.GenericApplicationContext@542ebbbd: startup date [Thu Sep 10 21:20:05 GMT+08:00 2015]; root of context hierarchy
 2015-09-10 21:20:05,464 - Loading properties file from class path resource [broker.properties]
 2015-09-10 21:20:05,963 - 调用-->com.fion.p2p.worker.test.TestWorker.add
 2015-09-10 21:20:06,245 - worker返回-->{"success":"成功","testVO":"{\"createDate\":\"2015-09-10 21:20:05\",\"name\":\"fion\",\"testId\":0}"}
 2015-09-10 21:20:06,260 - TestVO [testId=0, name=fion, createDate=Thu Sep 10 21:20:05 GMT+08:00 2015]
 2015-09-10 21:20:06,260 - ret={testVO={"createDate":"2015-09-10 21:20:05","name":"fion","testId":0}, success=成功}
 2015-09-10 21:20:06,260 - Closing org.springframework.context.support.GenericApplicationContext@542ebbbd: startup date [Thu Sep 10 21:20:05 GMT+08:00 2015]; root of context hierarchy
 2015-09-10 21:20:20,365 - Loaded default TestExecutionListener class names from location [META-INF/spring.factories]: [org.springframework.test.context.web.ServletTestExecutionListener, org.springframework.test.context.support.DirtiesContextBeforeModesTestExecutionListener, org.springframework.test.context.support.DependencyInjectionTestExecutionListener, org.springframework.test.context.support.DirtiesContextTestExecutionListener, org.springframework.test.context.transaction.TransactionalTestExecutionListener, org.springframework.test.context.jdbc.SqlScriptsTestExecutionListener]
 2015-09-10 21:20:20,396 - Using TestExecutionListeners: [org.springframework.test.context.web.ServletTestExecutionListener@2a205c98, org.springframework.test.context.support.DirtiesContextBeforeModesTestExecutionListener@329f14c3, org.springframework.test.context.support.DependencyInjectionTestExecutionListener@6a0c282b, org.springframework.test.context.support.DirtiesContextTestExecutionListener@44215571, org.springframework.test.context.transaction.TransactionalTestExecutionListener@687090a8, org.springframework.test.context.jdbc.SqlScriptsTestExecutionListener@36293b29]
 2015-09-10 21:20:20,583 - Loading XML bean definitions from class path resource [spring.xml]
 2015-09-10 21:20:20,942 - Loading XML bean definitions from class path resource [spring-redis.xml]
 2015-09-10 21:20:21,021 - Refreshing org.springframework.context.support.GenericApplicationContext@4827a078: startup date [Thu Sep 10 21:20:21 GMT+08:00 2015]; root of context hierarchy
 2015-09-10 21:20:21,208 - Loading properties file from class path resource [broker.properties]
 2015-09-10 21:20:21,754 - 调用-->com.fion.p2p.worker.test.TestWorker.add
 2015-09-10 21:20:21,927 - worker返回-->{"fail":"失败"}
 2015-09-10 21:20:21,943 - ret={fail=失败}
 2015-09-10 21:20:21,959 - Closing org.springframework.context.support.GenericApplicationContext@4827a078: startup date [Thu Sep 10 21:20:21 GMT+08:00 2015]; root of context hierarchy
 2015-09-10 21:22:03,611 - Loaded default TestExecutionListener class names from location [META-INF/spring.factories]: [org.springframework.test.context.web.ServletTestExecutionListener, org.springframework.test.context.support.DirtiesContextBeforeModesTestExecutionListener, org.springframework.test.context.support.DependencyInjectionTestExecutionListener, org.springframework.test.context.support.DirtiesContextTestExecutionListener, org.springframework.test.context.transaction.TransactionalTestExecutionListener, org.springframework.test.context.jdbc.SqlScriptsTestExecutionListener]
 2015-09-10 21:22:03,642 - Using TestExecutionListeners: [org.springframework.test.context.web.ServletTestExecutionListener@331ae2ce, org.springframework.test.context.support.DirtiesContextBeforeModesTestExecutionListener@2a205c98, org.springframework.test.context.support.DependencyInjectionTestExecutionListener@329f14c3, org.springframework.test.context.support.DirtiesContextTestExecutionListener@6a0c282b, org.springframework.test.context.transaction.TransactionalTestExecutionListener@44215571, org.springframework.test.context.jdbc.SqlScriptsTestExecutionListener@687090a8]
 2015-09-10 21:22:03,813 - Loading XML bean definitions from class path resource [spring.xml]
 2015-09-10 21:22:04,157 - Loading XML bean definitions from class path resource [spring-redis.xml]
 2015-09-10 21:22:04,224 - Refreshing org.springframework.context.support.GenericApplicationContext@542ebbbd: startup date [Thu Sep 10 21:22:04 GMT+08:00 2015]; root of context hierarchy
 2015-09-10 21:22:04,408 - Loading properties file from class path resource [broker.properties]
 2015-09-10 21:22:04,985 - 调用-->com.fion.p2p.worker.test.TestWorker.add
 2015-09-10 21:22:05,345 - worker返回-->{"success":"成功","testVO":"{\"createDate\":\"2015-09-10 21:22:04\",\"name\":\"fion\",\"testId\":2}"}
 2015-09-10 21:22:05,377 - TestVO [testId=2, name=fion, createDate=Thu Sep 10 21:22:04 GMT+08:00 2015]
 2015-09-10 21:22:05,377 - ret={testVO={"createDate":"2015-09-10 21:22:04","name":"fion","testId":2}, success=成功}
 2015-09-10 21:22:05,377 - Closing org.springframework.context.support.GenericApplicationContext@542ebbbd: startup date [Thu Sep 10 21:22:04 GMT+08:00 2015]; root of context hierarchy
 